2022-12-14 16:22:17,130 INFO  [Log] Application Opened 
2022-12-14 16:22:24,450 INFO  [Log] Login Completed 
2022-12-14 16:22:24,510 INFO  [Log] Logout completed 
2022-12-14 16:22:24,857 INFO  [Log] Application Closed 
2022-12-14 16:22:26,260 INFO  [Log] Application Opened 
2022-12-14 16:22:32,942 INFO  [Log] Login Completed 
2022-12-14 16:22:32,988 INFO  [Log] Entered into Frame 
2022-12-14 16:22:41,469 INFO  [Log] New  Emp added 
2022-12-14 16:22:41,478 INFO  [Log] Exit into frame 
2022-12-14 16:22:41,514 INFO  [Log] Logout completed 
2022-12-14 16:22:41,703 INFO  [Log] Application Closed 
2022-12-14 16:24:41,580 INFO  [Log] Application Opened 
2022-12-14 16:24:48,100 INFO  [Log] Login Completed 
2022-12-14 16:24:48,150 INFO  [Log] Logout completed 
2022-12-14 16:24:48,411 INFO  [Log] Application Closed 
2022-12-14 16:24:49,564 INFO  [Log] Application Opened 
2022-12-14 16:24:55,906 INFO  [Log] Login Completed 
2022-12-14 16:24:55,947 INFO  [Log] Entered into Frame 
2022-12-14 16:25:04,564 INFO  [Log] New  Emp added 
2022-12-14 16:25:04,573 INFO  [Log] Exit into frame 
2022-12-14 16:25:04,626 INFO  [Log] Logout completed 
2022-12-14 16:25:04,841 INFO  [Log] Application Closed 
2022-12-14 16:25:05,917 INFO  [Log] Application Opened 
2022-12-14 16:25:12,379 INFO  [Log] Login Completed 
2022-12-14 16:25:12,415 INFO  [Log] Entered into Frame 
2022-12-14 16:25:20,388 INFO  [Log] New  Emp added 
2022-12-14 16:25:27,790 INFO  [Log] Edit Employee 
2022-12-14 16:25:27,801 INFO  [Log] Exit into frame 
2022-12-14 16:25:27,850 INFO  [Log] Logout completed 
2022-12-14 16:25:28,102 INFO  [Log] Application Closed 
2022-12-14 16:25:30,018 INFO  [Log] Application Opened 
2022-12-14 16:25:37,054 INFO  [Log] Login Completed 
2022-12-14 16:25:37,091 INFO  [Log] Entered into Frame 
2022-12-14 16:25:43,876 INFO  [Log] Delete Employee 
2022-12-14 16:25:43,888 INFO  [Log] Exit into frame 
2022-12-14 16:25:43,939 INFO  [Log] Logout completed 
2022-12-14 16:25:44,185 INFO  [Log] Application Closed 
2022-12-14 16:58:35,937 INFO  [Log] Application Opened 
2022-12-14 16:58:42,605 INFO  [Log] Login Completed 
2022-12-14 16:58:42,658 INFO  [Log] Logout completed 
2022-12-14 16:58:42,911 INFO  [Log] Application Closed 
2022-12-14 16:58:44,276 INFO  [Log] Application Opened 
2022-12-14 16:58:51,274 INFO  [Log] Login Completed 
2022-12-14 16:58:51,388 INFO  [Log] Entered into Frame 
2022-12-14 16:59:03,663 INFO  [Log] New  Emp added 
2022-12-14 16:59:03,668 INFO  [Log] Exit into frame 
2022-12-14 16:59:03,723 INFO  [Log] Logout completed 
2022-12-14 16:59:03,947 INFO  [Log] Application Closed 
2022-12-14 16:59:05,852 INFO  [Log] Application Opened 
2022-12-14 16:59:12,990 INFO  [Log] Login Completed 
2022-12-14 16:59:13,027 INFO  [Log] Entered into Frame 
2022-12-14 16:59:21,856 INFO  [Log] New  Emp added 
2022-12-14 16:59:29,295 INFO  [Log] Edit Employee 
2022-12-14 16:59:29,301 INFO  [Log] Exit into frame 
2022-12-14 16:59:29,363 INFO  [Log] Logout completed 
2022-12-14 16:59:29,656 INFO  [Log] Application Closed 
2022-12-14 16:59:31,914 INFO  [Log] Application Opened 
2022-12-14 16:59:38,964 INFO  [Log] Login Completed 
2022-12-14 16:59:39,002 INFO  [Log] Entered into Frame 
2022-12-14 16:59:45,971 INFO  [Log] Delete Employee 
2022-12-14 16:59:45,977 INFO  [Log] Exit into frame 
2022-12-14 16:59:46,035 INFO  [Log] Logout completed 
2022-12-14 16:59:46,267 INFO  [Log] Application Closed 
2022-12-14 17:02:20,707 INFO  [Log] Application Opened 
2022-12-14 17:02:27,855 INFO  [Log] Login Completed 
2022-12-14 17:02:27,901 INFO  [Log] Logout completed 
2022-12-14 17:02:28,223 INFO  [Log] Application Closed 
2022-12-14 17:02:29,337 INFO  [Log] Application Opened 
2022-12-14 17:02:35,647 INFO  [Log] Login Completed 
2022-12-14 17:02:35,697 INFO  [Log] Entered into Frame 
2022-12-14 17:02:43,243 INFO  [Log] New  Emp added 
2022-12-14 17:02:43,251 INFO  [Log] Exit into frame 
2022-12-14 17:02:43,292 INFO  [Log] Logout completed 
2022-12-14 17:02:43,537 INFO  [Log] Application Closed 
2022-12-14 17:02:44,488 INFO  [Log] Application Opened 
2022-12-14 17:02:50,817 INFO  [Log] Login Completed 
2022-12-14 17:02:50,853 INFO  [Log] Entered into Frame 
2022-12-14 17:02:58,292 INFO  [Log] New  Emp added 
2022-12-14 17:03:05,248 INFO  [Log] Edit Employee 
2022-12-14 17:03:05,257 INFO  [Log] Exit into frame 
2022-12-14 17:03:05,316 INFO  [Log] Logout completed 
2022-12-14 17:03:05,496 INFO  [Log] Application Closed 
2022-12-14 17:03:06,653 INFO  [Log] Application Opened 
2022-12-14 17:03:13,361 INFO  [Log] Login Completed 
2022-12-14 17:03:13,400 INFO  [Log] Entered into Frame 
2022-12-14 17:03:19,866 INFO  [Log] Delete Employee 
2022-12-14 17:03:19,874 INFO  [Log] Exit into frame 
2022-12-14 17:03:19,931 INFO  [Log] Logout completed 
2022-12-14 17:03:20,209 INFO  [Log] Application Closed 
2022-12-14 18:07:02,089 INFO  [Log] Application Opened 
2022-12-14 18:07:08,888 INFO  [Log] Login Completed 
2022-12-14 18:08:42,606 INFO  [Log] Application Opened 
2022-12-14 18:08:49,564 INFO  [Log] Login Completed 
2022-12-14 18:08:49,620 INFO  [Log] Logout completed 
2022-12-14 18:08:49,899 INFO  [Log] Application Closed 
2022-12-14 18:08:51,794 INFO  [Log] Application Opened 
2022-12-14 18:08:54,666 INFO  [Log] Application Opened 
2022-12-14 18:09:00,462 INFO  [Log] Login Completed 
2022-12-14 18:09:01,609 INFO  [Log] Application Opened 
2022-12-14 18:09:08,231 INFO  [Log] Login Completed 
2022-12-14 18:22:38,104 INFO  [Log] Application Opened 
2022-12-14 18:22:44,182 INFO  [Log] Login Completed 
2022-12-14 18:22:44,261 INFO  [Log] Logout completed 
2022-12-14 18:22:44,501 INFO  [Log] Application Closed 
2022-12-14 18:22:45,383 INFO  [Log] Application Opened 
2022-12-14 18:22:51,613 INFO  [Log] Login Completed 
2022-12-14 18:22:51,674 INFO  [Log] Entered into Frame 
2022-12-14 18:24:36,331 INFO  [Log] New  Emp added 
2022-12-14 18:24:36,340 INFO  [Log] Exit into frame 
2022-12-14 18:24:36,422 INFO  [Log] Logout completed 
2022-12-14 18:24:36,676 INFO  [Log] Application Closed 
2022-12-14 18:24:38,133 INFO  [Log] Application Opened 
2022-12-14 18:24:44,592 INFO  [Log] Login Completed 
2022-12-14 18:24:44,652 INFO  [Log] Entered into Frame 
2022-12-14 18:24:53,306 INFO  [Log] New  Emp added 
2022-12-14 18:25:01,179 INFO  [Log] Edit Employee 
2022-12-14 18:25:01,190 INFO  [Log] Exit into frame 
2022-12-14 18:25:01,279 INFO  [Log] Logout completed 
2022-12-14 18:25:01,520 INFO  [Log] Application Closed 
2022-12-14 18:25:02,475 INFO  [Log] Application Opened 
2022-12-14 18:25:08,493 INFO  [Log] Login Completed 
2022-12-14 18:25:08,548 INFO  [Log] Entered into Frame 
2022-12-14 18:25:15,281 INFO  [Log] Delete Employee 
2022-12-14 18:25:15,289 INFO  [Log] Exit into frame 
2022-12-14 18:25:15,369 INFO  [Log] Logout completed 
2022-12-14 18:25:15,563 INFO  [Log] Application Closed 
